unique_id,timestamp,msg
25b3bf79-67ae-4afc-bdc5-a0816ba29163,1599539810.9543986,loading invoices-2019-08.json
911d7679-0bcc-4edd-bb5b-27dd42fd75ef,1599539815.372999,loading invoices-2019-09.json
3756063f-fc05-4934-8e7f-8b752d8de00a,1599539819.0782924,loading invoices-2019-10.json
effb6a58-defa-4447-bdf7-0888d5ca174b,1599539824.182869,loading invoices-2019-11.json
c8232645-a186-40d2-8337-730fb91e807b,1599539830.640657,loading invoices-2019-12.json
d0ca326e-bb3e-415f-a0e1-29a0f10e2df0,1599539832.1691248,252359 items loaded
3f29ba8e-5f75-4c3d-bd03-b088862f6336,1599539853.55727,252359 items converted to time series
5a4b9bfd-f2bb-4e5e-80c2-e8cb32bd609e,1599539857.7233572,...unsuccessful insert: __enter__
f1811edc-2024-41ef-b9b8-9f1ba1d690c7,1599540726.8692458,loading invoices-2019-08.json
e007a150-3284-4635-92fc-ac6ba38c8961,1599540731.108704,loading invoices-2019-09.json
4f823e58-89d4-4ffd-b1b8-42b8455cf617,1599540734.821859,loading invoices-2019-10.json
24fc0ee1-6da8-497b-83af-35a008c59584,1599540739.7354815,loading invoices-2019-11.json
0614758b-ff6e-4c06-8d7b-c6b15434e7ca,1599540746.3488686,loading invoices-2019-12.json
970b82e1-46fa-4e1b-8d83-dc635fa7e569,1599540747.8051326,252359 items loaded
b9859307-f1e6-45c8-b0a6-6a3c5c875915,1599540770.5353322,252359 items converted to time series
4e7d28e8-51c8-4484-9488-d9fa88287082,1599540775.1346025,...unsuccessful insert: __enter__
df07ca72-877a-4628-9d45-e4f87eaa4963,1599540808.2663279,loading invoices-2019-08.json
34797c26-f9b5-40a5-8b11-fd6bfe742b5f,1599540812.5040617,loading invoices-2019-09.json
f162a368-2190-4e10-a5b8-94fdb30045bb,1599540816.273036,loading invoices-2019-10.json
8d697708-2f43-4c16-b7e6-3db860e5c327,1599540821.436224,loading invoices-2019-11.json
a4739323-6db7-4e2f-ac0b-bc1126f7de17,1599540838.8699892,loading invoices-2019-08.json
c647346f-90da-42b1-a048-f1cf40a51065,1599540843.0351834,loading invoices-2019-09.json
6cf9b769-3754-41a8-af7d-d72f34885f71,1599540847.1652606,loading invoices-2019-10.json
de45ff0f-ef3a-406c-bdde-ad392449f4fb,1599540852.527314,loading invoices-2019-11.json
d9bd8566-b76f-4c41-88a7-ec5ce6dd07b5,1599540859.1340547,loading invoices-2019-12.json
836aa730-7d3c-412b-be95-721f2382e369,1599540860.6437638,252359 items loaded
7eef2029-679d-4120-a0ba-4c1bb2b169b9,1599540882.313807,252359 items converted to time series
4b60c4c7-8491-4db6-9ae2-89fe4d853fda,1599540886.3383157,...unsuccessful insert: __enter__
6c58bdab-ad3f-40b4-985f-78de8dd97693,1599540995.1500106,loading invoices-2019-08.json
1c590e11-a2f2-495d-9989-942ab13b511c,1599540999.4570494,loading invoices-2019-09.json
9aa1c6d6-98cd-4af4-9fee-9afca7ff6881,1599541003.1402614,loading invoices-2019-10.json
5663d474-35d6-478c-8228-9b7918470a4b,1599541007.9932265,loading invoices-2019-11.json
a6c74f70-847f-4b50-b826-aceed984b9da,1599541014.9141905,loading invoices-2019-12.json
84783d31-2e8b-47c3-8820-8bd40c0111e8,1599541016.4263773,252359 items loaded
f9fea02a-fa32-4861-a095-3b97bd08f532,1599541038.9615028,252359 items converted to time series
84004a3f-2ac0-4ad0-87c2-3be3a8c0fa24,1599541043.2651746,...unsuccessful insert: __enter__
27b2731a-dbdf-491e-9835-a0fd4e1c45ee,1599541241.3572283,loading invoices-2019-08.json
9df0968c-ab16-49e8-bc9c-ba3f7079a6cb,1599541245.1542087,loading invoices-2019-09.json
12835e90-5060-4d56-bee8-b56159f7be4f,1599541248.926539,loading invoices-2019-10.json
cc0c827f-328f-44b5-b75a-1b071924e174,1599541254.4350262,loading invoices-2019-11.json
dca9830c-c6f5-40a1-9ca3-e90cd9d7e5f3,1599541261.2099295,loading invoices-2019-12.json
a46fe1f7-bef9-49d3-aa34-5537fc590ff9,1599541262.698555,252359 items loaded
52bf1337-5221-4c33-a479-c002da9e57d9,1599541284.4674551,loading invoices-2019-08.json
c95e1bac-ab58-42d3-8bde-7143fe25a380,1599541288.336042,loading invoices-2019-09.json
99ec1b88-c9b9-4580-ab39-7f8bc856286b,1599541292.1132052,loading invoices-2019-10.json
52067484-26b1-49aa-aceb-4218f5ff5d54,1599541297.117882,loading invoices-2019-11.json
af3e3bb2-518c-438e-af13-1704c4a1c085,1599541303.666937,loading invoices-2019-12.json
4c0c5f07-1cbe-4cd3-a2d0-b14e2fbca1cc,1599541305.1800237,252359 items loaded
74360940-80d1-4270-b4a9-27edf2a9b4f9,1599541326.2382994,252359 items converted to time series
46579739-8c4b-48aa-98c0-665d6b8e8257,1599541330.0104592,...unsuccessful insert: __enter__
db022f07-bc79-4fa6-8d67-0ede67c1022d,1599541407.7352965,loading invoices-2019-08.json
4da5983f-e6dd-4f16-af8b-67efe5f82463,1599541410.5274036,loading invoices-2019-09.json
48882545-6f66-4597-8eaf-07ee7a75a6a2,1599541414.3029404,loading invoices-2019-10.json
8ac8da96-2c7a-47c6-a3a1-e1fffe44d352,1599541419.231658,loading invoices-2019-11.json
514a16fa-4742-4379-8c88-8913f67d8f19,1599541425.6079707,loading invoices-2019-12.json
60617a30-45f2-4773-98c8-27ee6795a4b2,1599541427.0959036,252359 items loaded
8e5e4b81-7934-4bea-bd75-a6fd5a3a27d6,1599541450.3972843,252359 items converted to time series
a1f5846d-7e97-4ce2-9879-1ff4f7e966b8,1599541473.3642724,loading invoices-2019-08.json
a0583820-235a-416f-8228-7b4fd6714ab3,1599541477.8285122,loading invoices-2019-09.json
812276ca-62cb-4084-91bb-4c87f176599c,1599541481.522466,loading invoices-2019-10.json
b5f900a1-e1a8-4415-8b1e-538092037300,1599541486.3787782,loading invoices-2019-11.json
acbe6ead-5e35-4b4c-a682-b7c233367b53,1599541492.6088183,loading invoices-2019-12.json
ba71cfa9-3cb6-4bff-b7e9-eabf9414b182,1599541494.0692701,252359 items loaded
dc9f69da-1b84-4248-86b5-b495e89c2a30,1599541515.7184575,252359 items converted to time series
360ee18e-fa88-46c0-b7af-7130336f3cb1,1599541519.694832,...unsuccessful insert: __enter__
95da1a18-c2a0-4495-a8cc-f8e7674ebb19,1599541649.5906422,loading invoices-2019-08.json
742a6384-c501-4c40-8ef5-31459890e8f4,1599541655.0574894,loading invoices-2019-09.json
82fd0bf9-6ce0-46ba-b515-003645eb0668,1599541659.764265,loading invoices-2019-10.json
9b141d21-75e4-4bf6-bf99-f48c0f165c5c,1599541664.70284,loading invoices-2019-11.json
9d0616f9-f50c-460f-9bbf-71a1cc7f199b,1599541671.2028852,loading invoices-2019-12.json
1c86b68d-7ed6-4965-afb9-61a8dc884976,1599541672.7675066,252359 items loaded
ae224432-69dd-4ea2-86db-7b7258e28bfa,1599541695.350852,252359 items converted to time series
d2e156ba-b8c8-4378-8181-b8b816778055,1599541712.5450108,loading invoices-2019-08.json
8ee5380a-a671-48ab-9061-eeeef6d53a34,1599541717.8904283,loading invoices-2019-09.json
4116093e-3e34-40f9-8e00-1720156a7420,1599541722.4822302,loading invoices-2019-10.json
cc4b0b77-da2c-4065-99d9-bf6fb8fe9a17,1599541727.319766,loading invoices-2019-11.json
11e9bb50-48b7-4659-9087-623e7eb2afba,1599541733.6998694,loading invoices-2019-12.json
816672bd-7666-41a5-b05a-d2755d974510,1599541735.2665973,252359 items loaded
de5461ba-9ba6-422e-9c20-474821bdbeb3,1599541758.171041,252359 items converted to time series
9f531dad-d0fe-4c5b-858a-ab0a0a4f4b72,1599541762.0803633,...unsuccessful insert: __enter__
2e019153-ea84-4204-8b32-c39d50f32b85,1599541780.4599583,loading invoices-2019-08.json
248f4212-6107-46b2-88a0-9058ab0616cd,1599541784.2579744,loading invoices-2019-09.json
b5c216ea-10e7-41c4-8612-3a5b77b0f4aa,1599541788.0337074,loading invoices-2019-10.json
34442fd1-7741-4647-ab49-54c2f2a5a33d,1599541793.1564522,loading invoices-2019-11.json
019c3a5f-3c8d-445d-bbfb-c0b084040c6e,1599541799.6958945,loading invoices-2019-12.json
7b45dc5b-6b41-4660-9c8e-860c731a8b17,1599541801.1959538,252359 items loaded
ef892dcb-e698-4764-b82e-b81c305520d3,1599541829.1382544,loading invoices-2019-08.json
82159b43-e8c1-466d-a8b5-0ac81f4fcb78,1599541833.4498684,loading invoices-2019-09.json
121886f9-8f12-4dcd-852a-0120b27e3c40,1599541837.2963452,loading invoices-2019-10.json
66425ae8-4740-47be-8ba5-d9d4480becb4,1599541842.2806976,loading invoices-2019-11.json
6515b3a4-bae7-458b-baab-1590dbb838fd,1599541848.6415734,loading invoices-2019-12.json
e3e55290-ca4f-45ba-9e09-1ff9fc0865a7,1599541850.1285782,252359 items loaded
cd855b96-d1c1-495d-ae47-5f5a4d9faa50,1599541871.4385092,252359 items converted to time series
8de9b467-00b3-4007-b0e3-3f93bbc06379,1599541875.6170952,...unsuccessful insert: __enter__
25e755f2-928b-4f2a-848a-c007d88b289e,1599541940.1143627,loading invoices-2019-08.json
7873cf75-6289-44bb-878b-a477dd6e8d10,1599541944.244101,loading invoices-2019-09.json
1567cd11-ff8f-4060-8e51-fab3ef536745,1599541947.9478095,loading invoices-2019-10.json
61ee66f9-2281-4bea-8958-543e9229f55b,1599541953.0947843,loading invoices-2019-11.json
61789dac-c4dc-4f2c-93d1-dc3006d98b84,1599541960.096566,loading invoices-2019-12.json
ad5d4e1d-9ed6-4f72-a6ea-d9cf67ceeb55,1599541961.559448,252359 items loaded
7e819ebb-1c6b-42db-b188-87a639615548,1599541984.8579934,252359 items converted to time series
fd1c07b9-ca5e-454f-9c4b-dd3df7c0604c,1599541989.1628764,...unsuccessful insert: __enter__
c53cb1f7-0c42-44ee-8567-d2ab6199a1ef,1599542013.9345603,loading invoices-2019-08.json
4ecac4e6-3bea-4fb7-b82f-d7d42ad770dc,1599542018.0579472,loading invoices-2019-09.json
f405b353-8aa3-44b9-b199-538b507146ec,1599542021.7009964,loading invoices-2019-10.json
c02e66ee-f7f0-437f-bf23-39eb8750d2ea,1599542026.5583615,loading invoices-2019-11.json
8226375f-bf46-443b-9902-2c7974a43974,1599542032.8420284,loading invoices-2019-12.json
79b169e8-c90a-4dd0-85c6-6c889460f8f6,1599542034.2999842,252359 items loaded
33652b98-58ea-40e6-8d33-5fddb70bd2b0,1599542057.8770008,252359 items converted to time series
e4e42c9c-9c30-4c1c-8465-43e0c96a9409,1599542077.8618803,loading invoices-2019-08.json
1380b987-37f0-4cc9-8b11-ff883f9cdc39,1599542082.1043925,loading invoices-2019-09.json
940e34ad-4ae4-448c-8540-792e984ac4c0,1599542085.8142157,loading invoices-2019-10.json
1b08518f-3996-4015-a829-92c745f15229,1599542090.7613897,loading invoices-2019-11.json
26dbe8ec-7634-49cc-8648-67db639b2757,1599542097.309609,loading invoices-2019-12.json
86f62f12-9b3d-46fd-9ca0-aed13bbe6b71,1599542098.7895687,252359 items loaded
27b948a7-5be1-443c-b379-41f5c687a93e,1599542122.577101,252359 items converted to time series
99cc0368-8df5-49ef-bfd6-bafdd25b13cd,1599542126.8376417,...unsuccessful insert: __enter__
4ac410db-f488-4fe3-b6b2-bddc1ea31ae3,1599542596.5449653,loading invoices-2019-08.json
81b66e16-abe0-493c-9789-54cde091e8c9,1599542599.4753456,loading invoices-2019-09.json
d10cb09e-5e9a-49b9-bca5-420ae43a3e96,1599542603.3630407,loading invoices-2019-10.json
1ce6f8b4-fa9b-4d6e-9ed9-e4e06d17d34f,1599542609.2024753,loading invoices-2019-11.json
8698ea22-ae24-47cc-88cb-a110e543cc89,1599542639.4034405,loading invoices-2019-08.json
2ae5ee2f-c592-4243-b549-a49e2ae12bd3,1599542642.1840117,loading invoices-2019-09.json
c9425f70-9d29-40ae-a4fb-d3f53be9e149,1599542645.8551428,loading invoices-2019-10.json
5fc98e2c-057f-435b-a6e7-cdf01aba1caa,1599542650.6896698,loading invoices-2019-11.json
8740bc92-2b8a-4213-aebc-13d2a41118b2,1599542657.1113243,loading invoices-2019-12.json
8eb96369-e320-4272-a85f-efc1efb4a7be,1599542658.5872912,252359 items loaded
5f79906d-5d13-466d-ac4c-6097bf73b172,1599542679.6118126,252359 items converted to time series
95866dcd-677c-486c-8363-835a7a238ff0,1599542683.6612556,...unsuccessful insert: __enter__
f7d775e9-28e9-49ef-8747-bafede522faf,1599544476.2049394,loading invoices-2019-08.json
d5eb1cfc-2edc-494b-a23c-98a565a3dbba,1599544478.9697087,loading invoices-2019-09.json
e9139d5a-abb6-4cfb-99c7-395aacfa7eec,1599544483.2553573,loading invoices-2019-10.json
3b1cc6d2-2d0f-473a-960c-7e1b5588807b,1599544488.2448826,loading invoices-2019-11.json
a7b941a9-362d-4b2e-ba70-754b3cae8c26,1599544494.600606,loading invoices-2019-12.json
2fa924d4-f260-492a-9a68-384fd4193279,1599544496.0935113,252359 items loaded
2bb4b5b2-5dbf-4476-8963-d043726a80da,1599544518.2405035,252359 items converted to time series
54b820cb-3b9b-4525-bbfb-6682ef549b92,1599544522.2810607,...unsuccessful insert: __enter__
